This file contains any messages produced by compilers while
running configure, to aid debugging if configure makes a mistake.

It was created by SuperTux configure 0.1.3, which was
generated by GNU Autoconf 2.59.  Invocation command line was

  $ ./configure 

## --------- ##
## Platform. ##
## --------- ##

hostname = ubuntu-vbox
uname -m = x86_64
uname -r = 5.13.0-30-generic
uname -s = Linux
uname -v = #33~20.04.1-Ubuntu SMP Mon Feb 7 14:25:10 UTC 2022

/usr/bin/uname -p = x86_64
/bin/uname -X     = unknown

/bin/arch              = x86_64
/usr/bin/arch -k       = unknown
/usr/convex/getsysinfo = unknown
hostinfo               = unknown
/bin/machine           = unknown
/usr/bin/oslevel       = unknown
/bin/universe          = unknown

PATH: /usr/local/sbin
PATH: /usr/local/bin
PATH: /usr/sbin
PATH: /usr/bin
PATH: /sbin
PATH: /bin
PATH: /usr/games
PATH: /usr/local/games
PATH: /snap/bin
PATH: /usr/local/ps2dev/bin
PATH: /usr/local/ps2dev/ee/bin
PATH: /usr/local/ps2dev/iop/bin
PATH: /usr/local/ps2dev/dvp/bin
PATH: /usr/local/ps2dev/ps2sdk/bin


## ----------- ##
## Core tests. ##
## ----------- ##

configure:1372: checking build system type
configure:1390: result: x86_64-unknown-linux-gnu
configure:1398: checking host system type
configure:1412: result: x86_64-unknown-linux-gnu
configure:1420: checking target system type
configure:1434: result: x86_64-unknown-linux-gnu
configure:1462: checking for a BSD-compatible install
configure:1517: result: /usr/bin/install -c
configure:1528: checking whether build environment is sane
configure:1571: result: yes
configure:1604: checking for gawk
configure:1633: result: no
configure:1604: checking for mawk
configure:1620: found /usr/bin/mawk
configure:1630: result: mawk
configure:1640: checking whether make sets $(MAKE)
configure:1660: result: yes
configure:1873: checking for gcc
configure:1889: found /usr/bin/gcc
configure:1899: result: gcc
configure:2143: checking for C compiler version
configure:2146: gcc --version </dev/null >&5
gcc (Ubuntu 9.3.0-17ubuntu1~20.04) 9.3.0
Copyright (C) 2019 Free Software Foundation, Inc.
This is free software; see the source for copying conditions.  There is NO
warranty; not even for MERCHANTABILITY or FITNESS FOR A PARTICULAR PURPOSE.

configure:2149: $? = 0
configure:2151: gcc -v </dev/null >&5
Using built-in specs.
COLLECT_GCC=gcc
COLLECT_LTO_WRAPPER=/usr/lib/gcc/x86_64-linux-gnu/9/lto-wrapper
OFFLOAD_TARGET_NAMES=nvptx-none:hsa
OFFLOAD_TARGET_DEFAULT=1
Target: x86_64-linux-gnu
Configured with: ../src/configure -v --with-pkgversion='Ubuntu 9.3.0-17ubuntu1~20.04' --with-bugurl=file:///usr/share/doc/gcc-9/README.Bugs --enable-languages=c,ada,c++,go,brig,d,fortran,objc,obj-c++,gm2 --prefix=/usr --with-gcc-major-version-only --program-suffix=-9 --program-prefix=x86_64-linux-gnu- --enable-shared --enable-linker-build-id --libexecdir=/usr/lib --without-included-gettext --enable-threads=posix --libdir=/usr/lib --enable-nls --enable-clocale=gnu --enable-libstdcxx-debug --enable-libstdcxx-time=yes --with-default-libstdcxx-abi=new --enable-gnu-unique-object --disable-vtable-verify --enable-plugin --enable-default-pie --with-system-zlib --with-target-system-zlib=auto --enable-objc-gc=auto --enable-multiarch --disable-werror --with-arch-32=i686 --with-abi=m64 --with-multilib-list=m32,m64,mx32 --enable-multilib --with-tune=generic --enable-offload-targets=nvptx-none=/build/gcc-9-HskZEa/gcc-9-9.3.0/debian/tmp-nvptx/usr,hsa --without-cuda-driver --enable-checking=release --build=x86_64-linux-gnu --host=x86_64-linux-gnu --target=x86_64-linux-gnu
Thread model: posix
gcc version 9.3.0 (Ubuntu 9.3.0-17ubuntu1~20.04) 
configure:2154: $? = 0
configure:2156: gcc -V </dev/null >&5
gcc: error: unrecognized command line option '-V'
gcc: fatal error: no input files
compilation terminated.
configure:2159: $? = 1
configure:2182: checking for C compiler default output file name
configure:2185: gcc    conftest.c  >&5
configure:2188: $? = 0
configure:2234: result: a.out
configure:2239: checking whether the C compiler works
configure:2245: ./a.out
configure:2248: $? = 0
configure:2265: result: yes
configure:2272: checking whether we are cross compiling
configure:2274: result: no
configure:2277: checking for suffix of executables
configure:2279: gcc -o conftest    conftest.c  >&5
configure:2282: $? = 0
configure:2307: result: 
configure:2313: checking for suffix of object files
configure:2334: gcc -c   conftest.c >&5
configure:2337: $? = 0
configure:2359: result: o
configure:2363: checking whether we are using the GNU C compiler
configure:2387: gcc -c   conftest.c >&5
configure:2393: $? = 0
configure:2396: test -z 			 || test ! -s conftest.err
configure:2399: $? = 0
configure:2402: test -s conftest.o
configure:2405: $? = 0
configure:2418: result: yes
configure:2424: checking whether gcc accepts -g
configure:2445: gcc -c -g  conftest.c >&5
configure:2451: $? = 0
configure:2454: test -z 			 || test ! -s conftest.err
configure:2457: $? = 0
configure:2460: test -s conftest.o
configure:2463: $? = 0
configure:2474: result: yes
configure:2491: checking for gcc option to accept ANSI C
configure:2561: gcc  -c -g -O2  conftest.c >&5
configure:2567: $? = 0
configure:2570: test -z 			 || test ! -s conftest.err
configure:2573: $? = 0
configure:2576: test -s conftest.o
configure:2579: $? = 0
configure:2597: result: none needed
configure:2615: gcc -c -g -O2  conftest.c >&5
conftest.c:2:3: error: unknown type name 'choke'
    2 |   choke me
      |   ^~~~~
conftest.c:2:3: error: expected '=', ',', ';', 'asm' or '__attribute__' at end of input
configure:2621: $? = 1
configure: failed program was:
| #ifndef __cplusplus
|   choke me
| #endif
configure:2762: checking for style of include used by make
configure:2790: result: GNU
configure:2818: checking dependency style of gcc
configure:2901: result: gcc3
configure:2970: checking for g++
configure:2986: found /usr/bin/g++
configure:2996: result: g++
configure:3012: checking for C++ compiler version
configure:3015: g++ --version </dev/null >&5
g++ (Ubuntu 9.3.0-17ubuntu1~20.04) 9.3.0
Copyright (C) 2019 Free Software Foundation, Inc.
This is free software; see the source for copying conditions.  There is NO
warranty; not even for MERCHANTABILITY or FITNESS FOR A PARTICULAR PURPOSE.

configure:3018: $? = 0
configure:3020: g++ -v </dev/null >&5
Using built-in specs.
COLLECT_GCC=g++
COLLECT_LTO_WRAPPER=/usr/lib/gcc/x86_64-linux-gnu/9/lto-wrapper
OFFLOAD_TARGET_NAMES=nvptx-none:hsa
OFFLOAD_TARGET_DEFAULT=1
Target: x86_64-linux-gnu
Configured with: ../src/configure -v --with-pkgversion='Ubuntu 9.3.0-17ubuntu1~20.04' --with-bugurl=file:///usr/share/doc/gcc-9/README.Bugs --enable-languages=c,ada,c++,go,brig,d,fortran,objc,obj-c++,gm2 --prefix=/usr --with-gcc-major-version-only --program-suffix=-9 --program-prefix=x86_64-linux-gnu- --enable-shared --enable-linker-build-id --libexecdir=/usr/lib --without-included-gettext --enable-threads=posix --libdir=/usr/lib --enable-nls --enable-clocale=gnu --enable-libstdcxx-debug --enable-libstdcxx-time=yes --with-default-libstdcxx-abi=new --enable-gnu-unique-object --disable-vtable-verify --enable-plugin --enable-default-pie --with-system-zlib --with-target-system-zlib=auto --enable-objc-gc=auto --enable-multiarch --disable-werror --with-arch-32=i686 --with-abi=m64 --with-multilib-list=m32,m64,mx32 --enable-multilib --with-tune=generic --enable-offload-targets=nvptx-none=/build/gcc-9-HskZEa/gcc-9-9.3.0/debian/tmp-nvptx/usr,hsa --without-cuda-driver --enable-checking=release --build=x86_64-linux-gnu --host=x86_64-linux-gnu --target=x86_64-linux-gnu
Thread model: posix
gcc version 9.3.0 (Ubuntu 9.3.0-17ubuntu1~20.04) 
configure:3023: $? = 0
configure:3025: g++ -V </dev/null >&5
g++: error: unrecognized command line option '-V'
g++: fatal error: no input files
compilation terminated.
configure:3028: $? = 1
configure:3031: checking whether we are using the GNU C++ compiler
configure:3055: g++ -c   conftest.cc >&5
configure:3061: $? = 0
configure:3064: test -z 			 || test ! -s conftest.err
configure:3067: $? = 0
configure:3070: test -s conftest.o
configure:3073: $? = 0
configure:3086: result: yes
configure:3092: checking whether g++ accepts -g
configure:3113: g++ -c -g  conftest.cc >&5
configure:3119: $? = 0
configure:3122: test -z 			 || test ! -s conftest.err
configure:3125: $? = 0
configure:3128: test -s conftest.o
configure:3131: $? = 0
configure:3142: result: yes
configure:3184: g++ -c -g -O2  conftest.cc >&5
configure:3190: $? = 0
configure:3193: test -z 			 || test ! -s conftest.err
configure:3196: $? = 0
configure:3199: test -s conftest.o
configure:3202: $? = 0
configure:3228: g++ -c -g -O2  conftest.cc >&5
conftest.cc: In function 'int main()':
conftest.cc:15:1: error: 'exit' was not declared in this scope
   15 | exit (42);
      | ^~~~
configure:3234: $? = 1
configure: failed program was:
| /* confdefs.h.  */
| 
| #define PACKAGE_NAME "SuperTux"
| #define PACKAGE_TARNAME "supertux"
| #define PACKAGE_VERSION "0.1.3"
| #define PACKAGE_STRING "SuperTux 0.1.3"
| #define PACKAGE_BUGREPORT ""
| #define PACKAGE "supertux"
| #define VERSION "0.1.3"
| /* end confdefs.h.  */
| 
| int
| main ()
| {
| exit (42);
|   ;
|   return 0;
| }
configure:3184: g++ -c -g -O2  conftest.cc >&5
configure:3190: $? = 0
configure:3193: test -z 			 || test ! -s conftest.err
configure:3196: $? = 0
configure:3199: test -s conftest.o
configure:3202: $? = 0
configure:3228: g++ -c -g -O2  conftest.cc >&5
configure:3234: $? = 0
configure:3237: test -z 			 || test ! -s conftest.err
configure:3240: $? = 0
configure:3243: test -s conftest.o
configure:3246: $? = 0
configure:3271: checking dependency style of g++
configure:3354: result: gcc3
configure:3384: checking for a BSD-compatible install
configure:3439: result: /usr/bin/install -c
configure:3460: checking for dirent.h that defines DIR
configure:3484: gcc -c -g -O2  conftest.c >&5
configure:3490: $? = 0
configure:3493: test -z 			 || test ! -s conftest.err
configure:3496: $? = 0
configure:3499: test -s conftest.o
configure:3502: $? = 0
configure:3513: result: yes
configure:3526: checking for library containing opendir
configure:3556: gcc -o conftest -g -O2   conftest.c  >&5
configure:3562: $? = 0
configure:3565: test -z 			 || test ! -s conftest.err
configure:3568: $? = 0
configure:3571: test -s conftest
configure:3574: $? = 0
configure:3643: result: none required
configure:3782: checking how to run the C preprocessor
configure:3817: gcc -E  conftest.c
configure:3823: $? = 0
configure:3855: gcc -E  conftest.c
conftest.c:15:10: fatal error: ac_nonexistent.h: No such file or directory
   15 | #include <ac_nonexistent.h>
      |          ^~~~~~~~~~~~~~~~~~
compilation terminated.
configure:3861: $? = 1
configure: failed program was:
| /* confdefs.h.  */
| 
| #define PACKAGE_NAME "SuperTux"
| #define PACKAGE_TARNAME "supertux"
| #define PACKAGE_VERSION "0.1.3"
| #define PACKAGE_STRING "SuperTux 0.1.3"
| #define PACKAGE_BUGREPORT ""
| #define PACKAGE "supertux"
| #define VERSION "0.1.3"
| #ifdef __cplusplus
| extern "C" void std::exit (int) throw (); using std::exit;
| #endif
| #define HAVE_DIRENT_H 1
| /* end confdefs.h.  */
| #include <ac_nonexistent.h>
configure:3900: result: gcc -E
configure:3924: gcc -E  conftest.c
configure:3930: $? = 0
configure:3962: gcc -E  conftest.c
conftest.c:15:10: fatal error: ac_nonexistent.h: No such file or directory
   15 | #include <ac_nonexistent.h>
      |          ^~~~~~~~~~~~~~~~~~
compilation terminated.
configure:3968: $? = 1
configure: failed program was:
| /* confdefs.h.  */
| 
| #define PACKAGE_NAME "SuperTux"
| #define PACKAGE_TARNAME "supertux"
| #define PACKAGE_VERSION "0.1.3"
| #define PACKAGE_STRING "SuperTux 0.1.3"
| #define PACKAGE_BUGREPORT ""
| #define PACKAGE "supertux"
| #define VERSION "0.1.3"
| #ifdef __cplusplus
| extern "C" void std::exit (int) throw (); using std::exit;
| #endif
| #define HAVE_DIRENT_H 1
| /* end confdefs.h.  */
| #include <ac_nonexistent.h>
configure:4012: checking for egrep
configure:4022: result: grep -E
configure:4027: checking for ANSI C header files
configure:4052: gcc -c -g -O2  conftest.c >&5
configure:4058: $? = 0
configure:4061: test -z 			 || test ! -s conftest.err
configure:4064: $? = 0
configure:4067: test -s conftest.o
configure:4070: $? = 0
configure:4159: gcc -o conftest -g -O2   conftest.c  >&5
conftest.c: In function 'main':
conftest.c:32:7: warning: implicit declaration of function 'exit' [-Wimplicit-function-declaration]
   32 |       exit(2);
      |       ^~~~
conftest.c:32:7: warning: incompatible implicit declaration of built-in function 'exit'
conftest.c:16:1: note: include '<stdlib.h>' or provide a declaration of 'exit'
   15 | #include <ctype.h>
  +++ |+#include <stdlib.h>
   16 | #if ((' ' & 0x0FF) == 0x020)
conftest.c:33:3: warning: incompatible implicit declaration of built-in function 'exit'
   33 |   exit (0);
      |   ^~~~
conftest.c:33:3: note: include '<stdlib.h>' or provide a declaration of 'exit'
configure:4162: $? = 0
configure:4164: ./conftest
configure:4167: $? = 0
configure:4182: result: yes
configure:4206: checking for sys/types.h
configure:4222: gcc -c -g -O2  conftest.c >&5
configure:4228: $? = 0
configure:4231: test -z 			 || test ! -s conftest.err
configure:4234: $? = 0
configure:4237: test -s conftest.o
configure:4240: $? = 0
configure:4251: result: yes
configure:4206: checking for sys/stat.h
configure:4222: gcc -c -g -O2  conftest.c >&5
configure:4228: $? = 0
configure:4231: test -z 			 || test ! -s conftest.err
configure:4234: $? = 0
configure:4237: test -s conftest.o
configure:4240: $? = 0
configure:4251: result: yes
configure:4206: checking for stdlib.h
configure:4222: gcc -c -g -O2  conftest.c >&5
configure:4228: $? = 0
configure:4231: test -z 			 || test ! -s conftest.err
configure:4234: $? = 0
configure:4237: test -s conftest.o
configure:4240: $? = 0
configure:4251: result: yes
configure:4206: checking for string.h
configure:4222: gcc -c -g -O2  conftest.c >&5
configure:4228: $? = 0
configure:4231: test -z 			 || test ! -s conftest.err
configure:4234: $? = 0
configure:4237: test -s conftest.o
configure:4240: $? = 0
configure:4251: result: yes
configure:4206: checking for memory.h
configure:4222: gcc -c -g -O2  conftest.c >&5
configure:4228: $? = 0
configure:4231: test -z 			 || test ! -s conftest.err
configure:4234: $? = 0
configure:4237: test -s conftest.o
configure:4240: $? = 0
configure:4251: result: yes
configure:4206: checking for strings.h
configure:4222: gcc -c -g -O2  conftest.c >&5
configure:4228: $? = 0
configure:4231: test -z 			 || test ! -s conftest.err
configure:4234: $? = 0
configure:4237: test -s conftest.o
configure:4240: $? = 0
configure:4251: result: yes
configure:4206: checking for inttypes.h
configure:4222: gcc -c -g -O2  conftest.c >&5
configure:4228: $? = 0
configure:4231: test -z 			 || test ! -s conftest.err
configure:4234: $? = 0
configure:4237: test -s conftest.o
configure:4240: $? = 0
configure:4251: result: yes
configure:4206: checking for stdint.h
configure:4222: gcc -c -g -O2  conftest.c >&5
configure:4228: $? = 0
configure:4231: test -z 			 || test ! -s conftest.err
configure:4234: $? = 0
configure:4237: test -s conftest.o
configure:4240: $? = 0
configure:4251: result: yes
configure:4206: checking for unistd.h
configure:4222: gcc -c -g -O2  conftest.c >&5
configure:4228: $? = 0
configure:4231: test -z 			 || test ! -s conftest.err
configure:4234: $? = 0
configure:4237: test -s conftest.o
configure:4240: $? = 0
configure:4251: result: yes
configure:4268: checking for unistd.h
configure:4273: result: yes
configure:4413: checking for an ANSI C-conforming const
configure:4480: gcc -c -g -O2  conftest.c >&5
configure:4486: $? = 0
configure:4489: test -z 			 || test ! -s conftest.err
configure:4492: $? = 0
configure:4495: test -s conftest.o
configure:4498: $? = 0
configure:4509: result: yes
configure:4521: checking for gprof mode
configure:4535: result: disabled
configure:4539: checking for debug mode
configure:4553: result: disabled
configure:4557: checking wether OpenGL should be used
configure:4567: result: yes
configure:4615: checking for sdl-config
configure:4633: found /usr/bin/sdl-config
configure:4646: result: /usr/bin/sdl-config
configure:4654: checking for SDL - version >= 1.2.4
configure:4744: gcc -o conftest -g -O2 -I/usr/include/SDL -D_GNU_SOURCE=1 -D_REENTRANT   conftest.c  -L/usr/lib/x86_64-linux-gnu -lSDL >&5
configure:4747: $? = 0
configure:4749: ./conftest
configure:4752: $? = 0
configure:4770: result: yes
configure:4871: checking for Mix_OpenAudio in -lSDL_mixer
configure:4901: gcc -o conftest -g -O2 -I/usr/include/SDL -D_GNU_SOURCE=1 -D_REENTRANT   conftest.c -lSDL_mixer   -L/usr/lib/x86_64-linux-gnu -lSDL >&5
configure:4907: $? = 0
configure:4910: test -z 			 || test ! -s conftest.err
configure:4913: $? = 0
configure:4916: test -s conftest
configure:4919: $? = 0
configure:4932: result: yes
configure:4949: checking for IMG_Load in -lSDL_image
configure:4979: gcc -o conftest -g -O2 -I/usr/include/SDL -D_GNU_SOURCE=1 -D_REENTRANT   conftest.c -lSDL_image  -lSDL_mixer  -L/usr/lib/x86_64-linux-gnu -lSDL >&5
configure:4985: $? = 0
configure:4988: test -z 			 || test ! -s conftest.err
configure:4991: $? = 0
configure:4994: test -s conftest
configure:4997: $? = 0
configure:5010: result: yes
configure:5027: checking for X
configure:5133: gcc -E  conftest.c
conftest.c:28:10: fatal error: X11/Intrinsic.h: No such file or directory
   28 | #include <X11/Intrinsic.h>
      |          ^~~~~~~~~~~~~~~~~
compilation terminated.
configure:5139: $? = 1
configure: failed program was:
| /* confdefs.h.  */
| 
| #define PACKAGE_NAME "SuperTux"
| #define PACKAGE_TARNAME "supertux"
| #define PACKAGE_VERSION "0.1.3"
| #define PACKAGE_STRING "SuperTux 0.1.3"
| #define PACKAGE_BUGREPORT ""
| #define PACKAGE "supertux"
| #define VERSION "0.1.3"
| #ifdef __cplusplus
| extern "C" void std::exit (int) throw (); using std::exit;
| #endif
| #define HAVE_DIRENT_H 1
| #define STDC_HEADERS 1
| #define HAVE_SYS_TYPES_H 1
| #define HAVE_SYS_STAT_H 1
| #define HAVE_STDLIB_H 1
| #define HAVE_STRING_H 1
| #define HAVE_MEMORY_H 1
| #define HAVE_STRINGS_H 1
| #define HAVE_INTTYPES_H 1
| #define HAVE_STDINT_H 1
| #define HAVE_UNISTD_H 1
| #define HAVE_UNISTD_H 1
| #define HAVE_LIBSDL_MIXER 1
| #define HAVE_LIBSDL_IMAGE 1
| /* end confdefs.h.  */
| #include <X11/Intrinsic.h>
configure:5189: gcc -o conftest -g -O2 -I/usr/include/SDL -D_GNU_SOURCE=1 -D_REENTRANT   conftest.c -lXt -lSDL_image -lSDL_mixer  -L/usr/lib/x86_64-linux-gnu -lSDL >&5
conftest.c:28:10: fatal error: X11/Intrinsic.h: No such file or directory
   28 | #include <X11/Intrinsic.h>
      |          ^~~~~~~~~~~~~~~~~
compilation terminated.
configure:5195: $? = 1
configure: failed program was:
| /* confdefs.h.  */
| 
| #define PACKAGE_NAME "SuperTux"
| #define PACKAGE_TARNAME "supertux"
| #define PACKAGE_VERSION "0.1.3"
| #define PACKAGE_STRING "SuperTux 0.1.3"
| #define PACKAGE_BUGREPORT ""
| #define PACKAGE "supertux"
| #define VERSION "0.1.3"
| #ifdef __cplusplus
| extern "C" void std::exit (int) throw (); using std::exit;
| #endif
| #define HAVE_DIRENT_H 1
| #define STDC_HEADERS 1
| #define HAVE_SYS_TYPES_H 1
| #define HAVE_SYS_STAT_H 1
| #define HAVE_STDLIB_H 1
| #define HAVE_STRING_H 1
| #define HAVE_MEMORY_H 1
| #define HAVE_STRINGS_H 1
| #define HAVE_INTTYPES_H 1
| #define HAVE_STDINT_H 1
| #define HAVE_UNISTD_H 1
| #define HAVE_UNISTD_H 1
| #define HAVE_LIBSDL_MIXER 1
| #define HAVE_LIBSDL_IMAGE 1
| /* end confdefs.h.  */
| #include <X11/Intrinsic.h>
| int
| main ()
| {
| XtMalloc (0)
|   ;
|   return 0;
| }
configure:5247: result: no
configure:5456: checking for the pthreads library -lpthreads
configure:5494: gcc -o conftest -g -O2 -I/usr/include/SDL -D_GNU_SOURCE=1 -D_REENTRANT    conftest.c -lpthreads -lSDL_image -lSDL_mixer  -L/usr/lib/x86_64-linux-gnu -lSDL >&5
conftest.c: In function 'main':
conftest.c:33:22: warning: null argument where non-null required (argument 1) [-Wnonnull]
   33 |                      pthread_attr_init(0); pthread_cleanup_push(0, 0);
      |                      ^~~~~~~~~~~~~~~~~
conftest.c:34:22: warning: null argument where non-null required (argument 1) [-Wnonnull]
   34 |                      pthread_create(0,0,0,0); pthread_cleanup_pop(0);
      |                      ^~~~~~~~~~~~~~
conftest.c:34:22: warning: null argument where non-null required (argument 3) [-Wnonnull]
/usr/bin/ld: cannot find -lpthreads
collect2: error: ld returned 1 exit status
configure:5500: $? = 1
configure: failed program was:
| /* confdefs.h.  */
| 
| #define PACKAGE_NAME "SuperTux"
| #define PACKAGE_TARNAME "supertux"
| #define PACKAGE_VERSION "0.1.3"
| #define PACKAGE_STRING "SuperTux 0.1.3"
| #define PACKAGE_BUGREPORT ""
| #define PACKAGE "supertux"
| #define VERSION "0.1.3"
| #ifdef __cplusplus
| extern "C" void std::exit (int) throw (); using std::exit;
| #endif
| #define HAVE_DIRENT_H 1
| #define STDC_HEADERS 1
| #define HAVE_SYS_TYPES_H 1
| #define HAVE_SYS_STAT_H 1
| #define HAVE_STDLIB_H 1
| #define HAVE_STRING_H 1
| #define HAVE_MEMORY_H 1
| #define HAVE_STRINGS_H 1
| #define HAVE_INTTYPES_H 1
| #define HAVE_STDINT_H 1
| #define HAVE_UNISTD_H 1
| #define HAVE_UNISTD_H 1
| #define HAVE_LIBSDL_MIXER 1
| #define HAVE_LIBSDL_IMAGE 1
| /* end confdefs.h.  */
| #include <pthread.h>
| int
| main ()
| {
| pthread_t th; pthread_join(th, 0);
|                      pthread_attr_init(0); pthread_cleanup_push(0, 0);
|                      pthread_create(0,0,0,0); pthread_cleanup_pop(0);
|   ;
|   return 0;
| }
configure:5526: result: no
configure:5403: checking whether pthreads work without any flags
configure:5494: gcc -o conftest -g -O2 -I/usr/include/SDL -D_GNU_SOURCE=1 -D_REENTRANT    conftest.c  -lSDL_image -lSDL_mixer  -L/usr/lib/x86_64-linux-gnu -lSDL >&5
conftest.c: In function 'main':
conftest.c:33:22: warning: null argument where non-null required (argument 1) [-Wnonnull]
   33 |                      pthread_attr_init(0); pthread_cleanup_push(0, 0);
      |                      ^~~~~~~~~~~~~~~~~
conftest.c:34:22: warning: null argument where non-null required (argument 1) [-Wnonnull]
   34 |                      pthread_create(0,0,0,0); pthread_cleanup_pop(0);
      |                      ^~~~~~~~~~~~~~
conftest.c:34:22: warning: null argument where non-null required (argument 3) [-Wnonnull]
/usr/bin/ld: /tmp/ccpBw6on.o: in function `main':
/home/headshotnoby/supertux-0.1.3/conftest.c:32: undefined reference to `pthread_join'
/usr/bin/ld: /home/headshotnoby/supertux-0.1.3/conftest.c:33: undefined reference to `__pthread_register_cancel'
/usr/bin/ld: /home/headshotnoby/supertux-0.1.3/conftest.c:34: undefined reference to `pthread_create'
/usr/bin/ld: /home/headshotnoby/supertux-0.1.3/conftest.c:34: undefined reference to `__pthread_unregister_cancel'
collect2: error: ld returned 1 exit status
configure:5500: $? = 1
configure: failed program was:
| /* confdefs.h.  */
| 
| #define PACKAGE_NAME "SuperTux"
| #define PACKAGE_TARNAME "supertux"
| #define PACKAGE_VERSION "0.1.3"
| #define PACKAGE_STRING "SuperTux 0.1.3"
| #define PACKAGE_BUGREPORT ""
| #define PACKAGE "supertux"
| #define VERSION "0.1.3"
| #ifdef __cplusplus
| extern "C" void std::exit (int) throw (); using std::exit;
| #endif
| #define HAVE_DIRENT_H 1
| #define STDC_HEADERS 1
| #define HAVE_SYS_TYPES_H 1
| #define HAVE_SYS_STAT_H 1
| #define HAVE_STDLIB_H 1
| #define HAVE_STRING_H 1
| #define HAVE_MEMORY_H 1
| #define HAVE_STRINGS_H 1
| #define HAVE_INTTYPES_H 1
| #define HAVE_STDINT_H 1
| #define HAVE_UNISTD_H 1
| #define HAVE_UNISTD_H 1
| #define HAVE_LIBSDL_MIXER 1
| #define HAVE_LIBSDL_IMAGE 1
| /* end confdefs.h.  */
| #include <pthread.h>
| int
| main ()
| {
| pthread_t th; pthread_join(th, 0);
|                      pthread_attr_init(0); pthread_cleanup_push(0, 0);
|                      pthread_create(0,0,0,0); pthread_cleanup_pop(0);
|   ;
|   return 0;
| }
configure:5526: result: no
configure:5408: checking whether pthreads work with -Kthread
configure:5494: gcc -o conftest -g -O2 -I/usr/include/SDL -D_GNU_SOURCE=1 -D_REENTRANT -Kthread   conftest.c  -lSDL_image -lSDL_mixer  -L/usr/lib/x86_64-linux-gnu -lSDL >&5
gcc: error: unrecognized command line option '-Kthread'; did you mean '-pthread'?
configure:5500: $? = 1
configure: failed program was:
| /* confdefs.h.  */
| 
| #define PACKAGE_NAME "SuperTux"
| #define PACKAGE_TARNAME "supertux"
| #define PACKAGE_VERSION "0.1.3"
| #define PACKAGE_STRING "SuperTux 0.1.3"
| #define PACKAGE_BUGREPORT ""
| #define PACKAGE "supertux"
| #define VERSION "0.1.3"
| #ifdef __cplusplus
| extern "C" void std::exit (int) throw (); using std::exit;
| #endif
| #define HAVE_DIRENT_H 1
| #define STDC_HEADERS 1
| #define HAVE_SYS_TYPES_H 1
| #define HAVE_SYS_STAT_H 1
| #define HAVE_STDLIB_H 1
| #define HAVE_STRING_H 1
| #define HAVE_MEMORY_H 1
| #define HAVE_STRINGS_H 1
| #define HAVE_INTTYPES_H 1
| #define HAVE_STDINT_H 1
| #define HAVE_UNISTD_H 1
| #define HAVE_UNISTD_H 1
| #define HAVE_LIBSDL_MIXER 1
| #define HAVE_LIBSDL_IMAGE 1
| /* end confdefs.h.  */
| #include <pthread.h>
| int
| main ()
| {
| pthread_t th; pthread_join(th, 0);
|                      pthread_attr_init(0); pthread_cleanup_push(0, 0);
|                      pthread_create(0,0,0,0); pthread_cleanup_pop(0);
|   ;
|   return 0;
| }
configure:5526: result: no
configure:5408: checking whether pthreads work with -kthread
configure:5494: gcc -o conftest -g -O2 -I/usr/include/SDL -D_GNU_SOURCE=1 -D_REENTRANT -kthread   conftest.c  -lSDL_image -lSDL_mixer  -L/usr/lib/x86_64-linux-gnu -lSDL >&5
gcc: error: unrecognized command line option '-kthread'; did you mean '-pthread'?
configure:5500: $? = 1
configure: failed program was:
| /* confdefs.h.  */
| 
| #define PACKAGE_NAME "SuperTux"
| #define PACKAGE_TARNAME "supertux"
| #define PACKAGE_VERSION "0.1.3"
| #define PACKAGE_STRING "SuperTux 0.1.3"
| #define PACKAGE_BUGREPORT ""
| #define PACKAGE "supertux"
| #define VERSION "0.1.3"
| #ifdef __cplusplus
| extern "C" void std::exit (int) throw (); using std::exit;
| #endif
| #define HAVE_DIRENT_H 1
| #define STDC_HEADERS 1
| #define HAVE_SYS_TYPES_H 1
| #define HAVE_SYS_STAT_H 1
| #define HAVE_STDLIB_H 1
| #define HAVE_STRING_H 1
| #define HAVE_MEMORY_H 1
| #define HAVE_STRINGS_H 1
| #define HAVE_INTTYPES_H 1
| #define HAVE_STDINT_H 1
| #define HAVE_UNISTD_H 1
| #define HAVE_UNISTD_H 1
| #define HAVE_LIBSDL_MIXER 1
| #define HAVE_LIBSDL_IMAGE 1
| /* end confdefs.h.  */
| #include <pthread.h>
| int
| main ()
| {
| pthread_t th; pthread_join(th, 0);
|                      pthread_attr_init(0); pthread_cleanup_push(0, 0);
|                      pthread_create(0,0,0,0); pthread_cleanup_pop(0);
|   ;
|   return 0;
| }
configure:5526: result: no
configure:5456: checking for the pthreads library -llthread
configure:5494: gcc -o conftest -g -O2 -I/usr/include/SDL -D_GNU_SOURCE=1 -D_REENTRANT    conftest.c -llthread -lSDL_image -lSDL_mixer  -L/usr/lib/x86_64-linux-gnu -lSDL >&5
conftest.c: In function 'main':
conftest.c:33:22: warning: null argument where non-null required (argument 1) [-Wnonnull]
   33 |                      pthread_attr_init(0); pthread_cleanup_push(0, 0);
      |                      ^~~~~~~~~~~~~~~~~
conftest.c:34:22: warning: null argument where non-null required (argument 1) [-Wnonnull]
   34 |                      pthread_create(0,0,0,0); pthread_cleanup_pop(0);
      |                      ^~~~~~~~~~~~~~
conftest.c:34:22: warning: null argument where non-null required (argument 3) [-Wnonnull]
/usr/bin/ld: cannot find -llthread
collect2: error: ld returned 1 exit status
configure:5500: $? = 1
configure: failed program was:
| /* confdefs.h.  */
| 
| #define PACKAGE_NAME "SuperTux"
| #define PACKAGE_TARNAME "supertux"
| #define PACKAGE_VERSION "0.1.3"
| #define PACKAGE_STRING "SuperTux 0.1.3"
| #define PACKAGE_BUGREPORT ""
| #define PACKAGE "supertux"
| #define VERSION "0.1.3"
| #ifdef __cplusplus
| extern "C" void std::exit (int) throw (); using std::exit;
| #endif
| #define HAVE_DIRENT_H 1
| #define STDC_HEADERS 1
| #define HAVE_SYS_TYPES_H 1
| #define HAVE_SYS_STAT_H 1
| #define HAVE_STDLIB_H 1
| #define HAVE_STRING_H 1
| #define HAVE_MEMORY_H 1
| #define HAVE_STRINGS_H 1
| #define HAVE_INTTYPES_H 1
| #define HAVE_STDINT_H 1
| #define HAVE_UNISTD_H 1
| #define HAVE_UNISTD_H 1
| #define HAVE_LIBSDL_MIXER 1
| #define HAVE_LIBSDL_IMAGE 1
| /* end confdefs.h.  */
| #include <pthread.h>
| int
| main ()
| {
| pthread_t th; pthread_join(th, 0);
|                      pthread_attr_init(0); pthread_cleanup_push(0, 0);
|                      pthread_create(0,0,0,0); pthread_cleanup_pop(0);
|   ;
|   return 0;
| }
configure:5526: result: no
configure:5408: checking whether pthreads work with -pthread
configure:5494: gcc -o conftest -g -O2 -I/usr/include/SDL -D_GNU_SOURCE=1 -D_REENTRANT -pthread   conftest.c  -lSDL_image -lSDL_mixer  -L/usr/lib/x86_64-linux-gnu -lSDL >&5
conftest.c: In function 'main':
conftest.c:33:22: warning: null argument where non-null required (argument 1) [-Wnonnull]
   33 |                      pthread_attr_init(0); pthread_cleanup_push(0, 0);
      |                      ^~~~~~~~~~~~~~~~~
conftest.c:34:22: warning: null argument where non-null required (argument 1) [-Wnonnull]
   34 |                      pthread_create(0,0,0,0); pthread_cleanup_pop(0);
      |                      ^~~~~~~~~~~~~~
conftest.c:34:22: warning: null argument where non-null required (argument 3) [-Wnonnull]
configure:5500: $? = 0
configure:5503: test -z 			 || test ! -s conftest.err
configure:5506: $? = 0
configure:5509: test -s conftest
configure:5512: $? = 0
configure:5526: result: yes
configure:5546: checking for joinable pthread attribute
configure:5564: gcc -o conftest -g -O2 -I/usr/include/SDL -D_GNU_SOURCE=1 -D_REENTRANT -pthread   conftest.c  -lSDL_image -lSDL_mixer  -L/usr/lib/x86_64-linux-gnu -lSDL >&5
configure:5570: $? = 0
configure:5573: test -z 			 || test ! -s conftest.err
configure:5576: $? = 0
configure:5579: test -s conftest
configure:5582: $? = 0
configure:5647: result: PTHREAD_CREATE_JOINABLE
configure:5654: checking if more special flags are required for pthreads
configure:5661: result: no
configure:5673: checking for cc_r
configure:5700: result: gcc
configure:5791: checking windows.h usability
configure:5803: gcc -c -g -O2 -I/usr/include/SDL -D_GNU_SOURCE=1 -D_REENTRANT  conftest.c >&5
conftest.c:63:10: fatal error: windows.h: No such file or directory
   63 | #include <windows.h>
      |          ^~~~~~~~~~~
compilation terminated.
configure:5809: $? = 1
configure: failed program was:
| /* confdefs.h.  */
| 
| #define PACKAGE_NAME "SuperTux"
| #define PACKAGE_TARNAME "supertux"
| #define PACKAGE_VERSION "0.1.3"
| #define PACKAGE_STRING "SuperTux 0.1.3"
| #define PACKAGE_BUGREPORT ""
| #define PACKAGE "supertux"
| #define VERSION "0.1.3"
| #ifdef __cplusplus
| extern "C" void std::exit (int) throw (); using std::exit;
| #endif
| #define HAVE_DIRENT_H 1
| #define STDC_HEADERS 1
| #define HAVE_SYS_TYPES_H 1
| #define HAVE_SYS_STAT_H 1
| #define HAVE_STDLIB_H 1
| #define HAVE_STRING_H 1
| #define HAVE_MEMORY_H 1
| #define HAVE_STRINGS_H 1
| #define HAVE_INTTYPES_H 1
| #define HAVE_STDINT_H 1
| #define HAVE_UNISTD_H 1
| #define HAVE_UNISTD_H 1
| #define HAVE_LIBSDL_MIXER 1
| #define HAVE_LIBSDL_IMAGE 1
| #define HAVE_PTHREAD 1
| /* end confdefs.h.  */
| #include <stdio.h>
| #if HAVE_SYS_TYPES_H
| # include <sys/types.h>
| #endif
| #if HAVE_SYS_STAT_H
| # include <sys/stat.h>
| #endif
| #if STDC_HEADERS
| # include <stdlib.h>
| # include <stddef.h>
| #else
| # if HAVE_STDLIB_H
| #  include <stdlib.h>
| # endif
| #endif
| #if HAVE_STRING_H
| # if !STDC_HEADERS && HAVE_MEMORY_H
| #  include <memory.h>
| # endif
| # include <string.h>
| #endif
| #if HAVE_STRINGS_H
| # include <strings.h>
| #endif
| #if HAVE_INTTYPES_H
| # include <inttypes.h>
| #else
| # if HAVE_STDINT_H
| #  include <stdint.h>
| # endif
| #endif
| #if HAVE_UNISTD_H
| # include <unistd.h>
| #endif
| #include <windows.h>
configure:5831: result: no
configure:5835: checking windows.h presence
configure:5845: gcc -E  conftest.c
conftest.c:29:10: fatal error: windows.h: No such file or directory
   29 | #include <windows.h>
      |          ^~~~~~~~~~~
compilation terminated.
configure:5851: $? = 1
configure: failed program was:
| /* confdefs.h.  */
| 
| #define PACKAGE_NAME "SuperTux"
| #define PACKAGE_TARNAME "supertux"
| #define PACKAGE_VERSION "0.1.3"
| #define PACKAGE_STRING "SuperTux 0.1.3"
| #define PACKAGE_BUGREPORT ""
| #define PACKAGE "supertux"
| #define VERSION "0.1.3"
| #ifdef __cplusplus
| extern "C" void std::exit (int) throw (); using std::exit;
| #endif
| #define HAVE_DIRENT_H 1
| #define STDC_HEADERS 1
| #define HAVE_SYS_TYPES_H 1
| #define HAVE_SYS_STAT_H 1
| #define HAVE_STDLIB_H 1
| #define HAVE_STRING_H 1
| #define HAVE_MEMORY_H 1
| #define HAVE_STRINGS_H 1
| #define HAVE_INTTYPES_H 1
| #define HAVE_STDINT_H 1
| #define HAVE_UNISTD_H 1
| #define HAVE_UNISTD_H 1
| #define HAVE_LIBSDL_MIXER 1
| #define HAVE_LIBSDL_IMAGE 1
| #define HAVE_PTHREAD 1
| /* end confdefs.h.  */
| #include <windows.h>
configure:5871: result: no
configure:5906: checking for windows.h
configure:5913: result: no
configure:5927: checking for OpenGL library
configure:5966: gcc -o conftest -g -O2 -I/usr/include/SDL -D_GNU_SOURCE=1 -D_REENTRANT -pthread   conftest.c -lopengl32  -lm -lSDL_image -lSDL_mixer  -L/usr/lib/x86_64-linux-gnu -lSDL >&5
/usr/bin/ld: cannot find -lopengl32
collect2: error: ld returned 1 exit status
configure:5972: $? = 1
configure: failed program was:
| /* confdefs.h.  */
| 
| #define PACKAGE_NAME "SuperTux"
| #define PACKAGE_TARNAME "supertux"
| #define PACKAGE_VERSION "0.1.3"
| #define PACKAGE_STRING "SuperTux 0.1.3"
| #define PACKAGE_BUGREPORT ""
| #define PACKAGE "supertux"
| #define VERSION "0.1.3"
| #ifdef __cplusplus
| extern "C" void std::exit (int) throw (); using std::exit;
| #endif
| #define HAVE_DIRENT_H 1
| #define STDC_HEADERS 1
| #define HAVE_SYS_TYPES_H 1
| #define HAVE_SYS_STAT_H 1
| #define HAVE_STDLIB_H 1
| #define HAVE_STRING_H 1
| #define HAVE_MEMORY_H 1
| #define HAVE_STRINGS_H 1
| #define HAVE_INTTYPES_H 1
| #define HAVE_STDINT_H 1
| #define HAVE_UNISTD_H 1
| #define HAVE_UNISTD_H 1
| #define HAVE_LIBSDL_MIXER 1
| #define HAVE_LIBSDL_IMAGE 1
| #define HAVE_PTHREAD 1
| /* end confdefs.h.  */
| 
| # if HAVE_WINDOWS_H && defined(_WIN32)
| #   include <windows.h>
| # endif
| # include <GL/gl.h>
| 
| int
| main ()
| {
| glBegin(0)
|   ;
|   return 0;
| }
configure:5966: gcc -o conftest -g -O2 -I/usr/include/SDL -D_GNU_SOURCE=1 -D_REENTRANT -pthread   conftest.c -lGL  -lm -lSDL_image -lSDL_mixer  -L/usr/lib/x86_64-linux-gnu -lSDL >&5
configure:5972: $? = 0
configure:5975: test -z 			 || test ! -s conftest.err
configure:5978: $? = 0
configure:5981: test -s conftest
configure:5984: $? = 0
configure:5998: result: -lGL
configure:6030: checking for gzopen in -lz
configure:6060: gcc -o conftest -g -O2 -I/usr/include/SDL -D_GNU_SOURCE=1 -D_REENTRANT -pthread   conftest.c -lz  -lSDL_image -lSDL_mixer  -L/usr/lib/x86_64-linux-gnu -lSDL -lGL  -lm >&5
configure:6066: $? = 0
configure:6069: test -z 			 || test ! -s conftest.err
configure:6072: $? = 0
configure:6075: test -s conftest
configure:6078: $? = 0
configure:6091: result: yes
configure:6115: checking for mkdir
configure:6172: gcc -o conftest -g -O2 -I/usr/include/SDL -D_GNU_SOURCE=1 -D_REENTRANT -pthread   conftest.c -lz -lSDL_image -lSDL_mixer  -L/usr/lib/x86_64-linux-gnu -lSDL -lGL  -lm >&5
configure:6178: $? = 0
configure:6181: test -z 			 || test ! -s conftest.err
configure:6184: $? = 0
configure:6187: test -s conftest
configure:6190: $? = 0
configure:6202: result: yes
configure:6115: checking for strdup
configure:6172: gcc -o conftest -g -O2 -I/usr/include/SDL -D_GNU_SOURCE=1 -D_REENTRANT -pthread   conftest.c -lz -lSDL_image -lSDL_mixer  -L/usr/lib/x86_64-linux-gnu -lSDL -lGL  -lm >&5
conftest.c:55:6: warning: conflicting types for built-in function 'strdup'; expected 'char *(const char *)' [-Wbuiltin-declaration-mismatch]
   55 | char strdup ();
      |      ^~~~~~
configure:6178: $? = 0
configure:6181: test -z 			 || test ! -s conftest.err
configure:6184: $? = 0
configure:6187: test -s conftest
configure:6190: $? = 0
configure:6202: result: yes
configure:6115: checking for strstr
configure:6172: gcc -o conftest -g -O2 -I/usr/include/SDL -D_GNU_SOURCE=1 -D_REENTRANT -pthread   conftest.c -lz -lSDL_image -lSDL_mixer  -L/usr/lib/x86_64-linux-gnu -lSDL -lGL  -lm >&5
conftest.c:56:6: warning: conflicting types for built-in function 'strstr'; expected 'char *(const char *, const char *)' [-Wbuiltin-declaration-mismatch]
   56 | char strstr ();
      |      ^~~~~~
conftest.c:43:1: note: 'strstr' is declared in header '<string.h>'
   42 | # include <limits.h>
   43 | #else
configure:6178: $? = 0
configure:6181: test -z 			 || test ! -s conftest.err
configure:6184: $? = 0
configure:6187: test -s conftest
configure:6190: $? = 0
configure:6202: result: yes
configure:6361: creating ./config.status

## ---------------------- ##
## Running config.status. ##
## ---------------------- ##

This file was extended by SuperTux config.status 0.1.3, which was
generated by GNU Autoconf 2.59.  Invocation command line was

  CONFIG_FILES    = 
  CONFIG_HEADERS  = 
  CONFIG_LINKS    = 
  CONFIG_COMMANDS = 
  $ ./config.status 

on ubuntu-vbox

config.status:732: creating Makefile
config.status:732: creating src/Makefile
config.status:732: creating data/Makefile
config.status:877: executing depfiles commands

## ---------------- ##
## Cache variables. ##
## ---------------- ##

ac_cv_build=x86_64-unknown-linux-gnu
ac_cv_build_alias=x86_64-unknown-linux-gnu
ac_cv_c_compiler_gnu=yes
ac_cv_c_const=yes
ac_cv_cxx_compiler_gnu=yes
ac_cv_env_CC_set=
ac_cv_env_CC_value=
ac_cv_env_CFLAGS_set=
ac_cv_env_CFLAGS_value=
ac_cv_env_CPPFLAGS_set=
ac_cv_env_CPPFLAGS_value=
ac_cv_env_CPP_set=
ac_cv_env_CPP_value=
ac_cv_env_CXXFLAGS_set=
ac_cv_env_CXXFLAGS_value=
ac_cv_env_CXX_set=
ac_cv_env_CXX_value=
ac_cv_env_LDFLAGS_set=
ac_cv_env_LDFLAGS_value=
ac_cv_env_build_alias_set=
ac_cv_env_build_alias_value=
ac_cv_env_host_alias_set=
ac_cv_env_host_alias_value=
ac_cv_env_target_alias_set=
ac_cv_env_target_alias_value=
ac_cv_exeext=
ac_cv_func_mkdir=yes
ac_cv_func_strdup=yes
ac_cv_func_strstr=yes
ac_cv_have_x=have_x=no
ac_cv_header_dirent_dirent_h=yes
ac_cv_header_inttypes_h=yes
ac_cv_header_memory_h=yes
ac_cv_header_stdc=yes
ac_cv_header_stdint_h=yes
ac_cv_header_stdlib_h=yes
ac_cv_header_string_h=yes
ac_cv_header_strings_h=yes
ac_cv_header_sys_stat_h=yes
ac_cv_header_sys_types_h=yes
ac_cv_header_unistd_h=yes
ac_cv_header_windows_h=no
ac_cv_host=x86_64-unknown-linux-gnu
ac_cv_host_alias=x86_64-unknown-linux-gnu
ac_cv_lib_SDL_image_IMG_Load=yes
ac_cv_lib_SDL_mixer_Mix_OpenAudio=yes
ac_cv_lib_z_gzopen=yes
ac_cv_objext=o
ac_cv_path_SDL_CONFIG=/usr/bin/sdl-config
ac_cv_path_install='/usr/bin/install -c'
ac_cv_prog_AWK=mawk
ac_cv_prog_CPP='gcc -E'
ac_cv_prog_PTHREAD_CC=gcc
ac_cv_prog_ac_ct_CC=gcc
ac_cv_prog_ac_ct_CXX=g++
ac_cv_prog_cc_g=yes
ac_cv_prog_cc_stdc=
ac_cv_prog_cxx_g=yes
ac_cv_prog_egrep='grep -E'
ac_cv_prog_make_make_set=yes
ac_cv_search_opendir='none required'
ac_cv_target=x86_64-unknown-linux-gnu
ac_cv_target_alias=x86_64-unknown-linux-gnu
am_cv_CC_dependencies_compiler_type=gcc3
am_cv_CXX_dependencies_compiler_type=gcc3
ax_cv_check_gl_libgl=-lGL

## ----------------- ##
## Output variables. ##
## ----------------- ##

ACLOCAL='${SHELL} /home/headshotnoby/supertux-0.1.3/missing --run aclocal-1.7'
AMDEPBACKSLASH='\'
AMDEP_FALSE='#'
AMDEP_TRUE=''
AMTAR='${SHELL} /home/headshotnoby/supertux-0.1.3/missing --run tar'
AUTOCONF='${SHELL} /home/headshotnoby/supertux-0.1.3/missing --run autoconf'
AUTOHEADER='${SHELL} /home/headshotnoby/supertux-0.1.3/missing --run autoheader'
AUTOMAKE='${SHELL} /home/headshotnoby/supertux-0.1.3/missing --run automake-1.7'
AWK='mawk'
CC='gcc'
CCDEPMODE='depmode=gcc3'
CFLAGS='-g -O2 -I/usr/include/SDL -D_GNU_SOURCE=1 -D_REENTRANT -pthread'
CPP='gcc -E'
CPPFLAGS=''
CXX='g++'
CXXDEPMODE='depmode=gcc3'
CXXFLAGS='-g -O2 -I/usr/include/SDL -D_GNU_SOURCE=1 -D_REENTRANT -pthread -DDATA_PREFIX='"${prefix}/share/supertux"''
CYGPATH_W='echo'
DEFS='-DPACKAGE_NAME=\"SuperTux\" -DPACKAGE_TARNAME=\"supertux\" -DPACKAGE_VERSION=\"0.1.3\" -DPACKAGE_STRING=\"SuperTux\ 0.1.3\" -DPACKAGE_BUGREPORT=\"\" -DPACKAGE=\"supertux\" -DVERSION=\"0.1.3\" -DHAVE_DIRENT_H=1 -DSTDC_HEADERS=1 -DHAVE_SYS_TYPES_H=1 -DHAVE_SYS_STAT_H=1 -DHAVE_STDLIB_H=1 -DHAVE_STRING_H=1 -DHAVE_MEMORY_H=1 -DHAVE_STRINGS_H=1 -DHAVE_INTTYPES_H=1 -DHAVE_STDINT_H=1 -DHAVE_UNISTD_H=1 -DHAVE_UNISTD_H=1 -DHAVE_LIBSDL_MIXER=1 -DHAVE_LIBSDL_IMAGE=1 -DHAVE_PTHREAD=1 -DHAVE_LIBZ=1 -DHAVE_MKDIR=1 -DHAVE_STRDUP=1 -DHAVE_STRSTR=1 '
DEPDIR='.deps'
ECHO_C=''
ECHO_N='-n'
ECHO_T=''
EGREP='grep -E'
EXEEXT=''
GL_CFLAGS='-pthread'
GL_LIBS='-lGL  -lm'
INSTALL_DATA='${INSTALL} -m 644'
INSTALL_PROGRAM='${INSTALL}'
INSTALL_SCRIPT='${INSTALL}'
INSTALL_STRIP_PROGRAM='${SHELL} $(install_sh) -c -s'
LDFLAGS=''
LIBOBJS=''
LIBS='-lz -lSDL_image -lSDL_mixer  -L/usr/lib/x86_64-linux-gnu -lSDL -lGL  -lm'
LTLIBOBJS=''
MAKEINFO='${SHELL} /home/headshotnoby/supertux-0.1.3/missing --run makeinfo'
OBJEXT='o'
PACKAGE='supertux'
PACKAGE_BUGREPORT=''
PACKAGE_NAME='SuperTux'
PACKAGE_STRING='SuperTux 0.1.3'
PACKAGE_TARNAME='supertux'
PACKAGE_VERSION='0.1.3'
PATH_SEPARATOR=':'
PTHREAD_CC='gcc'
PTHREAD_CFLAGS='-pthread'
PTHREAD_LIBS=''
SDL_CFLAGS='-I/usr/include/SDL -D_GNU_SOURCE=1 -D_REENTRANT'
SDL_CONFIG='/usr/bin/sdl-config'
SDL_LIBS='-L/usr/lib/x86_64-linux-gnu -lSDL'
SET_MAKE=''
SHELL='/bin/bash'
STRIP=''
VERSION='0.1.3'
ac_ct_CC='gcc'
ac_ct_CXX='g++'
ac_ct_STRIP=''
acx_pthread_config=''
am__fastdepCC_FALSE='#'
am__fastdepCC_TRUE=''
am__fastdepCXX_FALSE='#'
am__fastdepCXX_TRUE=''
am__include='include'
am__leading_dot='.'
am__quote=''
bindir='${exec_prefix}/bin'
build='x86_64-unknown-linux-gnu'
build_alias=''
build_cpu='x86_64'
build_os='linux-gnu'
build_vendor='unknown'
datadir='${prefix}/share'
exec_prefix='${prefix}'
host='x86_64-unknown-linux-gnu'
host_alias=''
host_cpu='x86_64'
host_os='linux-gnu'
host_vendor='unknown'
includedir='${prefix}/include'
infodir='${prefix}/info'
install_sh='/home/headshotnoby/supertux-0.1.3/install-sh'
libdir='${exec_prefix}/lib'
libexecdir='${exec_prefix}/libexec'
localstatedir='${prefix}/var'
mandir='${prefix}/man'
oldincludedir='/usr/include'
prefix='/usr/local'
program_transform_name='s,x,x,'
sbindir='${exec_prefix}/sbin'
sharedstatedir='${prefix}/com'
sysconfdir='${prefix}/etc'
target='x86_64-unknown-linux-gnu'
target_alias=''
target_cpu='x86_64'
target_os='linux-gnu'
target_vendor='unknown'

## ----------- ##
## confdefs.h. ##
## ----------- ##

#define HAVE_DIRENT_H 1
#define HAVE_INTTYPES_H 1
#define HAVE_LIBSDL_IMAGE 1
#define HAVE_LIBSDL_MIXER 1
#define HAVE_LIBZ 1
#define HAVE_MEMORY_H 1
#define HAVE_MKDIR 1
#define HAVE_PTHREAD 1
#define HAVE_STDINT_H 1
#define HAVE_STDLIB_H 1
#define HAVE_STRDUP 1
#define HAVE_STRINGS_H 1
#define HAVE_STRING_H 1
#define HAVE_STRSTR 1
#define HAVE_SYS_STAT_H 1
#define HAVE_SYS_TYPES_H 1
#define HAVE_UNISTD_H 1
#define HAVE_UNISTD_H 1
#define PACKAGE "supertux"
#define PACKAGE_BUGREPORT ""
#define PACKAGE_NAME "SuperTux"
#define PACKAGE_STRING "SuperTux 0.1.3"
#define PACKAGE_TARNAME "supertux"
#define PACKAGE_VERSION "0.1.3"
#define STDC_HEADERS 1
#define VERSION "0.1.3"
#endif
#ifdef __cplusplus
extern "C" void std::exit (int) throw (); using std::exit;

configure: exit 0
